{"E:\\EPAM-Learning\\NodeJs\\Node.js_Course_Practice\\src\\bdconnection.ts": {"path":"E:\\EPAM-Learning\\NodeJs\\Node.js_Course_Practice\\src\\bdconnection.ts","statementMap":{"0":{"start":{"line":1,"column":0},"end":{"line":1,"column":58}},"1":{"start":{"line":3,"column":0},"end":{"line":3,"column":33}},"2":{"start":{"line":5,"column":0},"end":{"line":19,"column":2}},"3":{"start":{"line":6,"column":37},"end":{"line":6,"column":73}},"4":{"start":{"line":8,"column":33},"end":{"line":8,"column":60}},"5":{"start":{"line":10,"column":2},"end":{"line":12,"column":5}},"6":{"start":{"line":11,"column":4},"end":{"line":11,"column":63}},"7":{"start":{"line":14,"column":2},"end":{"line":16,"column":5}},"8":{"start":{"line":15,"column":4},"end":{"line":15,"column":59}},"9":{"start":{"line":18,"column":2},"end":{"line":18,"column":20}}},"fnMap":{"0":{"name":"(anonymous_1)","decl":{"start":{"line":5,"column":15},"end":{"line":5,"column":20}},"loc":{"start":{"line":5,"column":47},"end":{"line":19,"column":1}}},"1":{"name":"(anonymous_2)","decl":{"start":{"line":10,"column":25},"end":{"line":10,"column":30}},"loc":{"start":{"line":10,"column":33},"end":{"line":12,"column":3}}},"2":{"name":"(anonymous_3)","decl":{"start":{"line":14,"column":26},"end":{"line":14,"column":29}},"loc":{"start":{"line":14,"column":31},"end":{"line":16,"column":3}}}},"branchMap":{},"s":{"0":6,"1":6,"2":6,"3":6,"4":4,"5":4,"6":0,"7":4,"8":0,"9":4},"f":{"0":6,"1":0,"2":0},"b":{}}
,"E:\\EPAM-Learning\\NodeJs\\Node.js_Course_Practice\\src\\config.ts": {"path":"E:\\EPAM-Learning\\NodeJs\\Node.js_Course_Practice\\src\\config.ts","statementMap":{"0":{"start":{"line":9,"column":2},"end":{"line":9,"column":107}},"1":{"start":{"line":11,"column":23},"end":{"line":16,"column":2}},"2":{"start":{"line":18,"column":0},"end":{"line":18,"column":22}}},"fnMap":{},"branchMap":{"0":{"loc":{"start":{"line":12,"column":8},"end":{"line":12,"column":64}},"type":"cond-expr","locations":[{"start":{"line":12,"column":27},"end":{"line":12,"column":57}},{"start":{"line":12,"column":60},"end":{"line":12,"column":64}}]},"1":{"loc":{"start":{"line":13,"column":15},"end":{"line":13,"column":47}},"type":"binary-expr","locations":[{"start":{"line":13,"column":15},"end":{"line":13,"column":38}},{"start":{"line":13,"column":42},"end":{"line":13,"column":47}}]},"2":{"loc":{"start":{"line":14,"column":12},"end":{"line":14,"column":49}},"type":"binary-expr","locations":[{"start":{"line":14,"column":12},"end":{"line":14,"column":32}},{"start":{"line":14,"column":36},"end":{"line":14,"column":49}}]}},"s":{"0":6,"1":6,"2":6},"f":{},"b":{"0":[0,6],"1":[6,6],"2":[6,0]}}
,"E:\\EPAM-Learning\\NodeJs\\Node.js_Course_Practice\\src\\index.ts": {"path":"E:\\EPAM-Learning\\NodeJs\\Node.js_Course_Practice\\src\\index.ts","statementMap":{"0":{"start":{"line":1,"column":0},"end":{"line":1,"column":20}},"1":{"start":{"line":2,"column":0},"end":{"line":2,"column":24}},"2":{"start":{"line":4,"column":0},"end":{"line":4,"column":53}},"3":{"start":{"line":5,"column":0},"end":{"line":5,"column":43}},"4":{"start":{"line":7,"column":0},"end":{"line":7,"column":50}},"5":{"start":{"line":8,"column":0},"end":{"line":8,"column":51}},"6":{"start":{"line":9,"column":0},"end":{"line":9,"column":51}},"7":{"start":{"line":11,"column":0},"end":{"line":11,"column":33}},"8":{"start":{"line":13,"column":17},"end":{"line":13,"column":61}},"9":{"start":{"line":15,"column":12},"end":{"line":15,"column":21}},"10":{"start":{"line":17,"column":0},"end":{"line":17,"column":24}},"11":{"start":{"line":19,"column":20},"end":{"line":19,"column":53}},"12":{"start":{"line":20,"column":24},"end":{"line":20,"column":47}},"13":{"start":{"line":22,"column":0},"end":{"line":22,"column":72}},"14":{"start":{"line":24,"column":0},"end":{"line":24,"column":36}},"15":{"start":{"line":25,"column":0},"end":{"line":25,"column":36}},"16":{"start":{"line":27,"column":0},"end":{"line":37,"column":5}},"17":{"start":{"line":29,"column":4},"end":{"line":33,"column":null}},"18":{"start":{"line":30,"column":6},"end":{"line":32,"column":9}},"19":{"start":{"line":31,"column":8},"end":{"line":31,"column":64}},"20":{"start":{"line":36,"column":4},"end":{"line":36,"column":57}},"21":{"start":{"line":39,"column":0},"end":{"line":41,"column":3}},"22":{"start":{"line":40,"column":2},"end":{"line":40,"column":44}},"23":{"start":{"line":43,"column":0},"end":{"line":43,"column":19}}},"fnMap":{"0":{"name":"(anonymous_1)","decl":{"start":{"line":28,"column":8},"end":{"line":28,"column":11}},"loc":{"start":{"line":28,"column":13},"end":{"line":34,"column":3}}},"1":{"name":"(anonymous_2)","decl":{"start":{"line":30,"column":30},"end":{"line":30,"column":33}},"loc":{"start":{"line":30,"column":35},"end":{"line":32,"column":7}}},"2":{"name":"(anonymous_3)","decl":{"start":{"line":35,"column":9},"end":{"line":35,"column":10}},"loc":{"start":{"line":35,"column":28},"end":{"line":37,"column":3}}},"3":{"name":"(anonymous_4)","decl":{"start":{"line":39,"column":25},"end":{"line":39,"column":26}},"loc":{"start":{"line":39,"column":57},"end":{"line":41,"column":1}}}},"branchMap":{"0":{"loc":{"start":{"line":29,"column":4},"end":{"line":33,"column":null}},"type":"if","locations":[{"start":{"line":29,"column":4},"end":{"line":33,"column":null}}]}},"s":{"0":5,"1":5,"2":5,"3":5,"4":5,"5":5,"6":5,"7":5,"8":5,"9":5,"10":5,"11":5,"12":5,"13":5,"14":5,"15":5,"16":5,"17":3,"18":0,"19":0,"20":0,"21":5,"22":1,"23":5},"f":{"0":3,"1":0,"2":0,"3":1},"b":{"0":[0]}}
,"E:\\EPAM-Learning\\NodeJs\\Node.js_Course_Practice\\src\\models\\genre.model.ts": {"path":"E:\\EPAM-Learning\\NodeJs\\Node.js_Course_Practice\\src\\models\\genre.model.ts","statementMap":{"0":{"start":{"line":1,"column":0},"end":{"line":1,"column":51}},"1":{"start":{"line":7,"column":20},"end":{"line":12,"column":2}},"2":{"start":{"line":14,"column":19},"end":{"line":14,"column":54}},"3":{"start":{"line":16,"column":0},"end":{"line":16,"column":26}}},"fnMap":{},"branchMap":{},"s":{"0":5,"1":5,"2":5,"3":5},"f":{},"b":{}}
,"E:\\EPAM-Learning\\NodeJs\\Node.js_Course_Practice\\src\\models\\movie.model.ts": {"path":"E:\\EPAM-Learning\\NodeJs\\Node.js_Course_Practice\\src\\models\\movie.model.ts","statementMap":{"0":{"start":{"line":1,"column":0},"end":{"line":1,"column":51}},"1":{"start":{"line":10,"column":20},"end":{"line":27,"column":2}},"2":{"start":{"line":29,"column":0},"end":{"line":34,"column":3}},"3":{"start":{"line":30,"column":2},"end":{"line":32,"column":null}},"4":{"start":{"line":31,"column":4},"end":{"line":31,"column":34}},"5":{"start":{"line":33,"column":2},"end":{"line":33,"column":9}},"6":{"start":{"line":36,"column":19},"end":{"line":36,"column":54}},"7":{"start":{"line":38,"column":0},"end":{"line":38,"column":26}}},"fnMap":{"0":{"name":"(anonymous_0)","decl":{"start":{"line":29,"column":24},"end":{"line":29,"column":34}},"loc":{"start":{"line":29,"column":38},"end":{"line":34,"column":1}}}},"branchMap":{"0":{"loc":{"start":{"line":30,"column":2},"end":{"line":32,"column":null}},"type":"if","locations":[{"start":{"line":30,"column":2},"end":{"line":32,"column":null}}]}},"s":{"0":5,"1":5,"2":5,"3":2,"4":1,"5":2,"6":5,"7":5},"f":{"0":2},"b":{"0":[1]}}
,"E:\\EPAM-Learning\\NodeJs\\Node.js_Course_Practice\\src\\routes\\genre.router.ts": {"path":"E:\\EPAM-Learning\\NodeJs\\Node.js_Course_Practice\\src\\routes\\genre.router.ts","statementMap":{"0":{"start":{"line":1,"column":0},"end":{"line":1,"column":52}},"1":{"start":{"line":2,"column":0},"end":{"line":2,"column":53}},"2":{"start":{"line":4,"column":0},"end":{"line":4,"column":50}},"3":{"start":{"line":5,"column":0},"end":{"line":5,"column":62}},"4":{"start":{"line":7,"column":15},"end":{"line":7,"column":23}},"5":{"start":{"line":9,"column":0},"end":{"line":26,"column":3}},"6":{"start":{"line":10,"column":17},"end":{"line":10,"column":38}},"7":{"start":{"line":12,"column":2},"end":{"line":14,"column":null}},"8":{"start":{"line":13,"column":4},"end":{"line":13,"column":60}},"9":{"start":{"line":16,"column":22},"end":{"line":16,"column":55}},"10":{"start":{"line":18,"column":2},"end":{"line":25,"column":null}},"11":{"start":{"line":19,"column":21},"end":{"line":19,"column":67}},"12":{"start":{"line":21,"column":4},"end":{"line":21,"column":35}},"13":{"start":{"line":23,"column":4},"end":{"line":23,"column":50}},"14":{"start":{"line":24,"column":4},"end":{"line":24,"column":60}},"15":{"start":{"line":28,"column":0},"end":{"line":36,"column":3}},"16":{"start":{"line":29,"column":2},"end":{"line":35,"column":null}},"17":{"start":{"line":30,"column":19},"end":{"line":30,"column":42}},"18":{"start":{"line":32,"column":4},"end":{"line":32,"column":33}},"19":{"start":{"line":34,"column":4},"end":{"line":34,"column":65}},"20":{"start":{"line":38,"column":0},"end":{"line":53,"column":3}},"21":{"start":{"line":39,"column":22},"end":{"line":39,"column":57}},"22":{"start":{"line":41,"column":2},"end":{"line":52,"column":null}},"23":{"start":{"line":42,"column":18},"end":{"line":42,"column":65}},"24":{"start":{"line":44,"column":4},"end":{"line":46,"column":null}},"25":{"start":{"line":45,"column":6},"end":{"line":45,"column":64}},"26":{"start":{"line":48,"column":4},"end":{"line":48,"column":32}},"27":{"start":{"line":50,"column":4},"end":{"line":50,"column":48}},"28":{"start":{"line":51,"column":4},"end":{"line":51,"column":59}},"29":{"start":{"line":55,"column":0},"end":{"line":79,"column":3}},"30":{"start":{"line":56,"column":17},"end":{"line":56,"column":38}},"31":{"start":{"line":58,"column":2},"end":{"line":60,"column":null}},"32":{"start":{"line":59,"column":4},"end":{"line":59,"column":60}},"33":{"start":{"line":62,"column":22},"end":{"line":62,"column":57}},"34":{"start":{"line":64,"column":2},"end":{"line":78,"column":null}},"35":{"start":{"line":65,"column":25},"end":{"line":67,"column":null}},"36":{"start":{"line":70,"column":4},"end":{"line":72,"column":null}},"37":{"start":{"line":71,"column":6},"end":{"line":71,"column":64}},"38":{"start":{"line":74,"column":4},"end":{"line":74,"column":39}},"39":{"start":{"line":76,"column":4},"end":{"line":76,"column":49}},"40":{"start":{"line":77,"column":4},"end":{"line":77,"column":60}},"41":{"start":{"line":81,"column":0},"end":{"line":97,"column":3}},"42":{"start":{"line":82,"column":22},"end":{"line":82,"column":57}},"43":{"start":{"line":84,"column":2},"end":{"line":96,"column":null}},"44":{"start":{"line":85,"column":25},"end":{"line":87,"column":6}},"45":{"start":{"line":89,"column":4},"end":{"line":91,"column":null}},"46":{"start":{"line":90,"column":6},"end":{"line":90,"column":64}},"47":{"start":{"line":93,"column":4},"end":{"line":93,"column":27}},"48":{"start":{"line":95,"column":4},"end":{"line":95,"column":60}},"49":{"start":{"line":99,"column":0},"end":{"line":99,"column":22}}},"fnMap":{"0":{"name":"(anonymous_1)","decl":{"start":{"line":9,"column":33},"end":{"line":9,"column":38}},"loc":{"start":{"line":9,"column":71},"end":{"line":26,"column":1}}},"1":{"name":"(anonymous_2)","decl":{"start":{"line":28,"column":16},"end":{"line":28,"column":21}},"loc":{"start":{"line":28,"column":54},"end":{"line":36,"column":1}}},"2":{"name":"(anonymous_3)","decl":{"start":{"line":38,"column":21},"end":{"line":38,"column":26}},"loc":{"start":{"line":38,"column":59},"end":{"line":53,"column":1}}},"3":{"name":"(anonymous_4)","decl":{"start":{"line":55,"column":37},"end":{"line":55,"column":42}},"loc":{"start":{"line":55,"column":75},"end":{"line":79,"column":1}}},"4":{"name":"(anonymous_5)","decl":{"start":{"line":81,"column":24},"end":{"line":81,"column":29}},"loc":{"start":{"line":81,"column":62},"end":{"line":97,"column":1}}}},"branchMap":{"0":{"loc":{"start":{"line":12,"column":2},"end":{"line":14,"column":null}},"type":"if","locations":[{"start":{"line":12,"column":2},"end":{"line":14,"column":null}}]},"1":{"loc":{"start":{"line":44,"column":4},"end":{"line":46,"column":null}},"type":"if","locations":[{"start":{"line":44,"column":4},"end":{"line":46,"column":null}}]},"2":{"loc":{"start":{"line":58,"column":2},"end":{"line":60,"column":null}},"type":"if","locations":[{"start":{"line":58,"column":2},"end":{"line":60,"column":null}}]},"3":{"loc":{"start":{"line":70,"column":4},"end":{"line":72,"column":null}},"type":"if","locations":[{"start":{"line":70,"column":4},"end":{"line":72,"column":null}}]},"4":{"loc":{"start":{"line":89,"column":4},"end":{"line":91,"column":null}},"type":"if","locations":[{"start":{"line":89,"column":4},"end":{"line":91,"column":null}}]}},"s":{"0":5,"1":5,"2":5,"3":5,"4":5,"5":5,"6":3,"7":3,"8":1,"9":2,"10":2,"11":2,"12":1,"13":1,"14":1,"15":5,"16":2,"17":2,"18":1,"19":1,"20":5,"21":3,"22":3,"23":3,"24":2,"25":1,"26":1,"27":1,"28":1,"29":5,"30":4,"31":4,"32":1,"33":3,"34":3,"35":3,"36":2,"37":1,"38":1,"39":1,"40":1,"41":5,"42":3,"43":3,"44":3,"45":2,"46":1,"47":1,"48":1,"49":5},"f":{"0":3,"1":2,"2":3,"3":4,"4":3},"b":{"0":[1],"1":[1],"2":[1],"3":[1],"4":[1]}}
,"E:\\EPAM-Learning\\NodeJs\\Node.js_Course_Practice\\src\\routes\\movie.router.ts": {"path":"E:\\EPAM-Learning\\NodeJs\\Node.js_Course_Practice\\src\\routes\\movie.router.ts","statementMap":{"0":{"start":{"line":1,"column":0},"end":{"line":1,"column":52}},"1":{"start":{"line":2,"column":0},"end":{"line":2,"column":53}},"2":{"start":{"line":4,"column":0},"end":{"line":4,"column":50}},"3":{"start":{"line":5,"column":0},"end":{"line":5,"column":50}},"4":{"start":{"line":6,"column":0},"end":{"line":6,"column":63}},"5":{"start":{"line":8,"column":15},"end":{"line":8,"column":23}},"6":{"start":{"line":10,"column":0},"end":{"line":30,"column":3}},"7":{"start":{"line":11,"column":17},"end":{"line":11,"column":38}},"8":{"start":{"line":13,"column":2},"end":{"line":15,"column":null}},"9":{"start":{"line":14,"column":4},"end":{"line":14,"column":60}},"10":{"start":{"line":17,"column":23},"end":{"line":17,"column":57}},"11":{"start":{"line":19,"column":2},"end":{"line":29,"column":null}},"12":{"start":{"line":20,"column":21},"end":{"line":23,"column":6}},"13":{"start":{"line":25,"column":4},"end":{"line":25,"column":35}},"14":{"start":{"line":27,"column":4},"end":{"line":27,"column":50}},"15":{"start":{"line":28,"column":4},"end":{"line":28,"column":60}},"16":{"start":{"line":32,"column":0},"end":{"line":41,"column":3}},"17":{"start":{"line":33,"column":2},"end":{"line":40,"column":null}},"18":{"start":{"line":34,"column":19},"end":{"line":34,"column":42}},"19":{"start":{"line":36,"column":4},"end":{"line":36,"column":33}},"20":{"start":{"line":38,"column":4},"end":{"line":38,"column":53}},"21":{"start":{"line":39,"column":4},"end":{"line":39,"column":64}},"22":{"start":{"line":43,"column":0},"end":{"line":58,"column":3}},"23":{"start":{"line":44,"column":23},"end":{"line":44,"column":59}},"24":{"start":{"line":46,"column":2},"end":{"line":57,"column":null}},"25":{"start":{"line":47,"column":18},"end":{"line":47,"column":67}},"26":{"start":{"line":49,"column":4},"end":{"line":51,"column":null}},"27":{"start":{"line":50,"column":6},"end":{"line":50,"column":64}},"28":{"start":{"line":53,"column":4},"end":{"line":53,"column":32}},"29":{"start":{"line":55,"column":4},"end":{"line":55,"column":48}},"30":{"start":{"line":56,"column":4},"end":{"line":56,"column":59}},"31":{"start":{"line":60,"column":0},"end":{"line":84,"column":3}},"32":{"start":{"line":61,"column":17},"end":{"line":61,"column":38}},"33":{"start":{"line":63,"column":2},"end":{"line":65,"column":null}},"34":{"start":{"line":64,"column":4},"end":{"line":64,"column":60}},"35":{"start":{"line":67,"column":23},"end":{"line":67,"column":57}},"36":{"start":{"line":69,"column":2},"end":{"line":83,"column":null}},"37":{"start":{"line":70,"column":25},"end":{"line":72,"column":null}},"38":{"start":{"line":75,"column":4},"end":{"line":77,"column":null}},"39":{"start":{"line":76,"column":6},"end":{"line":76,"column":64}},"40":{"start":{"line":79,"column":4},"end":{"line":79,"column":39}},"41":{"start":{"line":81,"column":4},"end":{"line":81,"column":49}},"42":{"start":{"line":82,"column":4},"end":{"line":82,"column":60}},"43":{"start":{"line":86,"column":0},"end":{"line":103,"column":3}},"44":{"start":{"line":87,"column":23},"end":{"line":87,"column":59}},"45":{"start":{"line":89,"column":2},"end":{"line":102,"column":null}},"46":{"start":{"line":90,"column":25},"end":{"line":92,"column":6}},"47":{"start":{"line":94,"column":4},"end":{"line":96,"column":null}},"48":{"start":{"line":95,"column":6},"end":{"line":95,"column":64}},"49":{"start":{"line":98,"column":4},"end":{"line":98,"column":27}},"50":{"start":{"line":100,"column":4},"end":{"line":100,"column":49}},"51":{"start":{"line":101,"column":4},"end":{"line":101,"column":60}},"52":{"start":{"line":105,"column":0},"end":{"line":121,"column":3}},"53":{"start":{"line":106,"column":27},"end":{"line":106,"column":67}},"54":{"start":{"line":108,"column":2},"end":{"line":120,"column":null}},"55":{"start":{"line":109,"column":18},"end":{"line":109,"column":70}},"56":{"start":{"line":111,"column":4},"end":{"line":113,"column":null}},"57":{"start":{"line":112,"column":6},"end":{"line":112,"column":64}},"58":{"start":{"line":115,"column":19},"end":{"line":115,"column":69}},"59":{"start":{"line":117,"column":4},"end":{"line":117,"column":33}},"60":{"start":{"line":119,"column":4},"end":{"line":119,"column":71}},"61":{"start":{"line":123,"column":0},"end":{"line":123,"column":22}}},"fnMap":{"0":{"name":"(anonymous_1)","decl":{"start":{"line":10,"column":33},"end":{"line":10,"column":38}},"loc":{"start":{"line":10,"column":71},"end":{"line":30,"column":1}}},"1":{"name":"(anonymous_2)","decl":{"start":{"line":32,"column":16},"end":{"line":32,"column":21}},"loc":{"start":{"line":32,"column":54},"end":{"line":41,"column":1}}},"2":{"name":"(anonymous_3)","decl":{"start":{"line":43,"column":22},"end":{"line":43,"column":27}},"loc":{"start":{"line":43,"column":60},"end":{"line":58,"column":1}}},"3":{"name":"(anonymous_4)","decl":{"start":{"line":60,"column":39},"end":{"line":60,"column":44}},"loc":{"start":{"line":60,"column":77},"end":{"line":84,"column":1}}},"4":{"name":"(anonymous_5)","decl":{"start":{"line":86,"column":25},"end":{"line":86,"column":30}},"loc":{"start":{"line":86,"column":63},"end":{"line":103,"column":1}}},"5":{"name":"(anonymous_6)","decl":{"start":{"line":105,"column":32},"end":{"line":105,"column":37}},"loc":{"start":{"line":105,"column":70},"end":{"line":121,"column":1}}}},"branchMap":{"0":{"loc":{"start":{"line":13,"column":2},"end":{"line":15,"column":null}},"type":"if","locations":[{"start":{"line":13,"column":2},"end":{"line":15,"column":null}}]},"1":{"loc":{"start":{"line":49,"column":4},"end":{"line":51,"column":null}},"type":"if","locations":[{"start":{"line":49,"column":4},"end":{"line":51,"column":null}}]},"2":{"loc":{"start":{"line":63,"column":2},"end":{"line":65,"column":null}},"type":"if","locations":[{"start":{"line":63,"column":2},"end":{"line":65,"column":null}}]},"3":{"loc":{"start":{"line":75,"column":4},"end":{"line":77,"column":null}},"type":"if","locations":[{"start":{"line":75,"column":4},"end":{"line":77,"column":null}}]},"4":{"loc":{"start":{"line":94,"column":4},"end":{"line":96,"column":null}},"type":"if","locations":[{"start":{"line":94,"column":4},"end":{"line":96,"column":null}}]},"5":{"loc":{"start":{"line":111,"column":4},"end":{"line":113,"column":null}},"type":"if","locations":[{"start":{"line":111,"column":4},"end":{"line":113,"column":null}}]}},"s":{"0":5,"1":5,"2":5,"3":5,"4":5,"5":5,"6":5,"7":5,"8":5,"9":2,"10":3,"11":3,"12":3,"13":2,"14":1,"15":1,"16":5,"17":2,"18":2,"19":1,"20":1,"21":1,"22":5,"23":3,"24":3,"25":3,"26":2,"27":1,"28":1,"29":1,"30":1,"31":5,"32":4,"33":4,"34":1,"35":3,"36":3,"37":3,"38":2,"39":1,"40":1,"41":1,"42":1,"43":5,"44":4,"45":4,"46":4,"47":3,"48":1,"49":2,"50":1,"51":1,"52":5,"53":4,"54":4,"55":4,"56":3,"57":1,"58":2,"59":2,"60":1,"61":5},"f":{"0":5,"1":2,"2":3,"3":4,"4":4,"5":4},"b":{"0":[2],"1":[1],"2":[1],"3":[1],"4":[1],"5":[1]}}
,"E:\\EPAM-Learning\\NodeJs\\Node.js_Course_Practice\\src\\validators\\genre.validator.ts": {"path":"E:\\EPAM-Learning\\NodeJs\\Node.js_Course_Practice\\src\\validators\\genre.validator.ts","statementMap":{"0":{"start":{"line":1,"column":0},"end":{"line":1,"column":41}},"1":{"start":{"line":3,"column":24},"end":{"line":5,"column":2}},"2":{"start":{"line":7,"column":0},"end":{"line":7,"column":31}}},"fnMap":{},"branchMap":{},"s":{"0":5,"1":5,"2":5},"f":{},"b":{}}
,"E:\\EPAM-Learning\\NodeJs\\Node.js_Course_Practice\\src\\validators\\movie.validator.ts": {"path":"E:\\EPAM-Learning\\NodeJs\\Node.js_Course_Practice\\src\\validators\\movie.validator.ts","statementMap":{"0":{"start":{"line":1,"column":0},"end":{"line":1,"column":58}},"1":{"start":{"line":3,"column":0},"end":{"line":3,"column":50}},"2":{"start":{"line":5,"column":45},"end":{"line":20,"column":1}},"3":{"start":{"line":6,"column":2},"end":{"line":8,"column":null}},"4":{"start":{"line":7,"column":4},"end":{"line":7,"column":57}},"5":{"start":{"line":10,"column":17},"end":{"line":10,"column":64}},"6":{"start":{"line":11,"column":25},"end":{"line":11,"column":56}},"7":{"start":{"line":11,"column":45},"end":{"line":11,"column":55}},"8":{"start":{"line":13,"column":24},"end":{"line":13,"column":78}},"9":{"start":{"line":13,"column":46},"end":{"line":13,"column":77}},"10":{"start":{"line":15,"column":2},"end":{"line":19,"column":null}},"11":{"start":{"line":16,"column":4},"end":{"line":18,"column":6}},"12":{"start":{"line":22,"column":24},"end":{"line":26,"column":2}},"13":{"start":{"line":28,"column":0},"end":{"line":28,"column":31}}},"fnMap":{"0":{"name":"(anonymous_1)","decl":{"start":{"line":5,"column":45},"end":{"line":5,"column":50}},"loc":{"start":{"line":5,"column":59},"end":{"line":20,"column":1}}},"1":{"name":"(anonymous_2)","decl":{"start":{"line":11,"column":36},"end":{"line":11,"column":41}},"loc":{"start":{"line":11,"column":45},"end":{"line":11,"column":55}}},"2":{"name":"(anonymous_3)","decl":{"start":{"line":13,"column":37},"end":{"line":13,"column":42}},"loc":{"start":{"line":13,"column":46},"end":{"line":13,"column":77}}}},"branchMap":{"0":{"loc":{"start":{"line":6,"column":2},"end":{"line":8,"column":null}},"type":"if","locations":[{"start":{"line":6,"column":2},"end":{"line":8,"column":null}}]},"1":{"loc":{"start":{"line":15,"column":2},"end":{"line":19,"column":null}},"type":"if","locations":[{"start":{"line":15,"column":2},"end":{"line":19,"column":null}}]}},"s":{"0":5,"1":5,"2":5,"3":9,"4":1,"5":8,"6":8,"7":13,"8":8,"9":13,"10":8,"11":0,"12":5,"13":5},"f":{"0":9,"1":13,"2":13},"b":{"0":[1],"1":[0]}}
}
