TN:
SF:src\bdconnection.ts
FN:5,(anonymous_1)
FN:10,(anonymous_2)
FN:14,(anonymous_3)
FNF:3
FNH:1
FNDA:6,(anonymous_1)
FNDA:0,(anonymous_2)
FNDA:0,(anonymous_3)
DA:1,6
DA:3,6
DA:5,6
DA:6,6
DA:8,4
DA:10,4
DA:11,0
DA:14,4
DA:15,0
DA:18,4
LF:10
LH:8
BRF:0
BRH:0
end_of_record
TN:
SF:src\config.ts
FNF:0
FNH:0
DA:9,6
DA:11,6
DA:18,6
LF:3
LH:3
BRDA:12,0,0,0
BRDA:12,0,1,6
BRDA:13,1,0,6
BRDA:13,1,1,6
BRDA:14,2,0,6
BRDA:14,2,1,0
BRF:6
BRH:4
end_of_record
TN:
SF:src\index.ts
FN:28,(anonymous_1)
FN:30,(anonymous_2)
FN:35,(anonymous_3)
FN:39,(anonymous_4)
FNF:4
FNH:2
FNDA:3,(anonymous_1)
FNDA:0,(anonymous_2)
FNDA:0,(anonymous_3)
FNDA:1,(anonymous_4)
DA:1,5
DA:2,5
DA:4,5
DA:5,5
DA:7,5
DA:8,5
DA:9,5
DA:11,5
DA:13,5
DA:15,5
DA:17,5
DA:19,5
DA:20,5
DA:22,5
DA:24,5
DA:25,5
DA:27,5
DA:29,3
DA:30,0
DA:31,0
DA:36,0
DA:39,5
DA:40,1
DA:43,5
LF:24
LH:21
BRDA:29,0,0,0
BRF:1
BRH:0
end_of_record
TN:
SF:src\models\genre.model.ts
FNF:0
FNH:0
DA:1,5
DA:7,5
DA:14,5
DA:16,5
LF:4
LH:4
BRF:0
BRH:0
end_of_record
TN:
SF:src\models\movie.model.ts
FN:29,(anonymous_0)
FNF:1
FNH:1
FNDA:2,(anonymous_0)
DA:1,5
DA:10,5
DA:29,5
DA:30,2
DA:31,1
DA:33,2
DA:36,5
DA:38,5
LF:8
LH:8
BRDA:30,0,0,1
BRF:1
BRH:1
end_of_record
TN:
SF:src\routes\genre.router.ts
FN:9,(anonymous_1)
FN:28,(anonymous_2)
FN:38,(anonymous_3)
FN:55,(anonymous_4)
FN:81,(anonymous_5)
FNF:5
FNH:5
FNDA:3,(anonymous_1)
FNDA:2,(anonymous_2)
FNDA:3,(anonymous_3)
FNDA:4,(anonymous_4)
FNDA:3,(anonymous_5)
DA:1,5
DA:2,5
DA:4,5
DA:5,5
DA:7,5
DA:9,5
DA:10,3
DA:12,3
DA:13,1
DA:16,2
DA:18,2
DA:19,2
DA:21,1
DA:23,1
DA:24,1
DA:28,5
DA:29,2
DA:30,2
DA:32,1
DA:34,1
DA:38,5
DA:39,3
DA:41,3
DA:42,3
DA:44,2
DA:45,1
DA:48,1
DA:50,1
DA:51,1
DA:55,5
DA:56,4
DA:58,4
DA:59,1
DA:62,3
DA:64,3
DA:65,3
DA:70,2
DA:71,1
DA:74,1
DA:76,1
DA:77,1
DA:81,5
DA:82,3
DA:84,3
DA:85,3
DA:89,2
DA:90,1
DA:93,1
DA:95,1
DA:99,5
LF:50
LH:50
BRDA:12,0,0,1
BRDA:44,1,0,1
BRDA:58,2,0,1
BRDA:70,3,0,1
BRDA:89,4,0,1
BRF:5
BRH:5
end_of_record
TN:
SF:src\routes\movie.router.ts
FN:10,(anonymous_1)
FN:32,(anonymous_2)
FN:43,(anonymous_3)
FN:60,(anonymous_4)
FN:86,(anonymous_5)
FN:105,(anonymous_6)
FNF:6
FNH:6
FNDA:5,(anonymous_1)
FNDA:2,(anonymous_2)
FNDA:3,(anonymous_3)
FNDA:4,(anonymous_4)
FNDA:4,(anonymous_5)
FNDA:4,(anonymous_6)
DA:1,5
DA:2,5
DA:4,5
DA:5,5
DA:6,5
DA:8,5
DA:10,5
DA:11,5
DA:13,5
DA:14,2
DA:17,3
DA:19,3
DA:20,3
DA:25,2
DA:27,1
DA:28,1
DA:32,5
DA:33,2
DA:34,2
DA:36,1
DA:38,1
DA:39,1
DA:43,5
DA:44,3
DA:46,3
DA:47,3
DA:49,2
DA:50,1
DA:53,1
DA:55,1
DA:56,1
DA:60,5
DA:61,4
DA:63,4
DA:64,1
DA:67,3
DA:69,3
DA:70,3
DA:75,2
DA:76,1
DA:79,1
DA:81,1
DA:82,1
DA:86,5
DA:87,4
DA:89,4
DA:90,4
DA:94,3
DA:95,1
DA:98,2
DA:100,1
DA:101,1
DA:105,5
DA:106,4
DA:108,4
DA:109,4
DA:111,3
DA:112,1
DA:115,2
DA:117,2
DA:119,1
DA:123,5
LF:62
LH:62
BRDA:13,0,0,2
BRDA:49,1,0,1
BRDA:63,2,0,1
BRDA:75,3,0,1
BRDA:94,4,0,1
BRDA:111,5,0,1
BRF:6
BRH:6
end_of_record
TN:
SF:src\validators\genre.validator.ts
FNF:0
FNH:0
DA:1,5
DA:3,5
DA:7,5
LF:3
LH:3
BRF:0
BRH:0
end_of_record
TN:
SF:src\validators\movie.validator.ts
FN:5,(anonymous_1)
FN:11,(anonymous_2)
FN:13,(anonymous_3)
FNF:3
FNH:3
FNDA:9,(anonymous_1)
FNDA:13,(anonymous_2)
FNDA:13,(anonymous_3)
DA:1,5
DA:3,5
DA:5,5
DA:6,9
DA:7,1
DA:10,8
DA:11,13
DA:13,13
DA:15,8
DA:16,0
DA:22,5
DA:28,5
LF:12
LH:11
BRDA:6,0,0,1
BRDA:15,1,0,0
BRF:2
BRH:1
end_of_record
